{"synthetic": false,
 "outputs": null,
 "log":
 [{"message":
   ".> ELAN=elan ELAN_HOME=/Users/adrienchampion/.elan ELAN_TOOLCHAIN=leanprover/lean4:v4.22.0-rc3 LAKE=/Users/adrienchampion/.elan/toolchains/leanprover--lean4---v4.22.0-rc3/bin/lake LAKE_HOME=/Users/adrienchampion/.elan/toolchains/leanprover--lean4---v4.22.0-rc3 LAKE_PKG_URL_MAP={} LAKE_NO_CACHE=false LAKE_ARTIFACT_CACHE=false LAKE_CACHE_DIR=/Users/adrienchampion/.elan/toolchains/leanprover--lean4---v4.22.0-rc3/lake/cache LEAN=/Users/adrienchampion/.elan/toolchains/leanprover--lean4---v4.22.0-rc3/bin/lean LEAN_GITHASH=7c3ca70e29a0806bd4bfc62eae7084bbaf1a303d LEAN_SYSROOT=/Users/adrienchampion/.elan/toolchains/leanprover--lean4---v4.22.0-rc3 LEAN_AR=/Users/adrienchampion/.elan/toolchains/leanprover--lean4---v4.22.0-rc3/bin/llvm-ar LEAN_CC= LEAN_PATH=/Users/adrienchampion/repos/anzen/lean-cvc5/monadic_rewrite/.lake/packages/MD4Lean/.lake/build/lib/lean:/Users/adrienchampion/repos/anzen/lean-cvc5/monadic_rewrite/.lake/packages/BibtexQuery/.lake/build/lib/lean:/Users/adrienchampion/repos/anzen/lean-cvc5/monadic_rewrite/.lake/packages/UnicodeBasic/.lake/build/lib/lean:/Users/adrienchampion/repos/anzen/lean-cvc5/monadic_rewrite/.lake/packages/Cli/.lake/build/lib/lean:/Users/adrienchampion/repos/anzen/lean-cvc5/monadic_rewrite/.lake/build/lib/lean:/Users/adrienchampion/repos/anzen/lean-cvc5/monadic_rewrite/.lake/packages/doc-gen4/.lake/build/lib/lean:/Users/adrienchampion/repos/anzen/lean-cvc5/monadic_rewrite/Docs/.lake/build/lib/lean:/Users/adrienchampion/.elan/toolchains/leanprover--lean4---v4.22.0-rc3/lib/lean LEAN_SRC_PATH=/Users/adrienchampion/repos/anzen/lean-cvc5/monadic_rewrite/.lake/packages/MD4Lean:/Users/adrienchampion/repos/anzen/lean-cvc5/monadic_rewrite/.lake/packages/MD4Lean:/Users/adrienchampion/repos/anzen/lean-cvc5/monadic_rewrite/.lake/packages/BibtexQuery:/Users/adrienchampion/repos/anzen/lean-cvc5/monadic_rewrite/.lake/packages/UnicodeBasic:/Users/adrienchampion/repos/anzen/lean-cvc5/monadic_rewrite/.lake/packages/UnicodeBasic:/Users/adrienchampion/repos/anzen/lean-cvc5/monadic_rewrite/.lake/packages/Cli:/Users/adrienchampion/repos/anzen/lean-cvc5/monadic_rewrite:/Users/adrienchampion/repos/anzen/lean-cvc5/monadic_rewrite:/Users/adrienchampion/repos/anzen/lean-cvc5/monadic_rewrite/.lake/packages/doc-gen4:/Users/adrienchampion/.elan/toolchains/leanprover--lean4---v4.22.0-rc3/src/lean/lake PATH DYLD_LIBRARY_PATH=/Users/adrienchampion/.elan/toolchains/leanprover--lean4---v4.22.0-rc3/lib/lean:/Users/adrienchampion/.elan/toolchains/leanprover--lean4---v4.22.0-rc3/lib:/Users/adrienchampion/repos/anzen/lean-cvc5/monadic_rewrite/Docs/.lake/build/lib:/Users/adrienchampion/repos/anzen/lean-cvc5/monadic_rewrite/.lake/packages/doc-gen4/.lake/build/lib:/Users/adrienchampion/repos/anzen/lean-cvc5/monadic_rewrite/.lake/build/lib:/Users/adrienchampion/repos/anzen/lean-cvc5/monadic_rewrite/.lake/packages/Cli/.lake/build/lib:/Users/adrienchampion/repos/anzen/lean-cvc5/monadic_rewrite/.lake/packages/UnicodeBasic/.lake/build/lib:/Users/adrienchampion/repos/anzen/lean-cvc5/monadic_rewrite/.lake/packages/BibtexQuery/.lake/build/lib:/Users/adrienchampion/repos/anzen/lean-cvc5/monadic_rewrite/.lake/packages/MD4Lean/.lake/build/lib /Users/adrienchampion/repos/anzen/lean-cvc5/monadic_rewrite/.lake/packages/doc-gen4/.lake/build/bin/doc-gen4 single --build /Users/adrienchampion/repos/anzen/lean-cvc5/monadic_rewrite/Docs/.lake/build cvc5 https://github.com/anzenlang/lean-cvc5/blob/1e9e55c64f941721e179408cfe524518689e2fc3/cvc5.lean",
   "level": "trace"}],
 "inputs":
 [["<collection>",
   [["/Users/adrienchampion/repos/anzen/lean-cvc5/monadic_rewrite/Docs/.lake/build/doc/cvc5/Init.html",
     "1658195490850722659"],
    ["/Users/adrienchampion/repos/anzen/lean-cvc5/monadic_rewrite/Docs/.lake/build/doc/cvc5/Kind.html",
     "10310821143919697196"],
    ["/Users/adrienchampion/repos/anzen/lean-cvc5/monadic_rewrite/Docs/.lake/build/doc/cvc5/ProofRule.html",
     "2961537361402722086"],
    ["/Users/adrienchampion/repos/anzen/lean-cvc5/monadic_rewrite/Docs/.lake/build/doc/cvc5/SkolemId.html",
     "16840076432774786892"],
    ["/Users/adrienchampion/repos/anzen/lean-cvc5/monadic_rewrite/Docs/.lake/build/doc/cvc5/Types.html",
     "6391120905369340199"]]],
  ["/Users/adrienchampion/repos/anzen/lean-cvc5/monadic_rewrite/Docs/.lake/build/doc-data/references.json",
   "11893762902049086281"],
  ["/Users/adrienchampion/repos/anzen/lean-cvc5/monadic_rewrite/.lake/packages/doc-gen4/.lake/build/bin/doc-gen4",
   "9612448697224725252"],
  ["cvc5:leanArts", "11468172672086147540"]],
 "depHash": "10124967681365782396"}